<?xml version="1.0" encoding="UTF-8"?>
<!-- Generated by org.testng.reporters.JUnitReportReporter -->
<testsuite hostname="HP" failures="0" tests="2" name="Test_POM.skiptesting" time="0.004" errors="0" timestamp="2023-10-20T21:40:20 IST" skipped="1">
  <testcase classname="Test_POM.skiptesting" name="testcase1" time="0.004"/>
  <system-out/>
  <testcase classname="Test_POM.skiptesting" name="testcase2" time="0.000">
    <skipped/>
  </testcase> <!-- testcase2 -->
  <system-out/>
</testsuite> <!-- Test_POM.skiptesting -->
