<?xml version="1.0" encoding="UTF-8"?>
<!-- Generated by org.testng.reporters.JUnitReportReporter -->
<testsuite hostname="HP" failures="0" tests="3" name="Script_Design_01.TestNGDemo2" time="0.013" errors="0" timestamp="2023-10-17T12:24:50 IST" skipped="0">
  <testcase classname="Script_Design_01.TestNGDemo2" name="mobile2" time="0.001"/>
  <system-out/>
  <testcase classname="Script_Design_01.TestNGDemo2" name="mobile3" time="0.004"/>
  <system-out/>
  <testcase classname="Script_Design_01.TestNGDemo2" name="mobile1" time="0.008"/>
  <system-out/>
</testsuite> <!-- Script_Design_01.TestNGDemo2 -->
