<?xml version="1.0" encoding="UTF-8"?>
<!-- Generated by org.testng.reporters.JUnitReportReporter -->
<testsuite hostname="HP" failures="0" tests="2" name="Script_Design_01.TestNGDemo" time="0.006" errors="0" timestamp="2023-10-17T11:58:39 IST" skipped="0">
  <testcase classname="Script_Design_01.TestNGDemo" name="testcase11" time="0.001"/>
  <system-out/>
  <testcase classname="Script_Design_01.TestNGDemo" name="testcase1" time="0.005"/>
  <system-out/>
</testsuite> <!-- Script_Design_01.TestNGDemo -->
