<?xml version="1.0" encoding="UTF-8"?>
<!-- Generated by org.testng.reporters.JUnitReportReporter -->
<testsuite hostname="HP" failures="0" tests="1" name="Script_Design_01.TestNGParameter" time="0.006" errors="0" timestamp="2023-10-18T21:44:08 IST" skipped="0">
  <testcase classname="Script_Design_01.TestNGParameter" name="add" time="0.006"/>
  <system-out/>
</testsuite> <!-- Script_Design_01.TestNGParameter -->
