<?xml version="1.0" encoding="UTF-8"?>
<!-- Generated by org.testng.reporters.JUnitReportReporter -->
<testsuite hostname="HP" failures="0" tests="5" name="Test_POM.TestCase2" time="0.016" errors="0" timestamp="2023-10-19T16:51:11 IST" skipped="0">
  <testcase classname="Test_POM.TestCase2" name="testcase1" time="0.000"/>
  <system-out>
    <![CDATA[test case 1 ]]>
  </system-out>
  <testcase classname="Test_POM.TestCase2" name="testcase2" time="0.000"/>
  <system-out>
    <![CDATA[test case 2 ]]>
  </system-out>
  <testcase classname="Test_POM.TestCase2" name="testcase3" time="0.000"/>
  <system-out>
    <![CDATA[test case 3 ]]>
  </system-out>
  <testcase classname="Test_POM.TestCase2" name="testcase4" time="0.016"/>
  <system-out>
    <![CDATA[test case 4 ]]>
  </system-out>
  <testcase classname="Test_POM.TestCase2" name="testcase5" time="0.000"/>
  <system-out>
    <![CDATA[test case 5 ]]>
  </system-out>
</testsuite> <!-- Test_POM.TestCase2 -->
