<?xml version="1.0" encoding="UTF-8"?>
<!-- Generated by org.testng.reporters.JUnitReportReporter -->
<testsuite hostname="HP" failures="0" tests="6" name="Script_Design_01.TestAssertion" time="7.801" errors="0" timestamp="2023-10-18T22:49:33 IST" skipped="0">
  <testcase classname="Script_Design_01.TestAssertion" name="verifypage" time="7.790"/>
  <system-out/>
  <testcase classname="Script_Design_01.TestAssertion" name="testcase" time="0.001"/>
  <system-out/>
  <testcase classname="Script_Design_01.TestAssertion" name="testcase" time="0.001"/>
  <system-out/>
  <testcase classname="Script_Design_01.TestAssertion" name="testcase" time="0.007"/>
  <system-out/>
  <testcase classname="Script_Design_01.TestAssertion" name="testcase" time="0.001"/>
  <system-out/>
  <testcase classname="Script_Design_01.TestAssertion" name="testcase" time="0.001"/>
  <system-out/>
</testsuite> <!-- Script_Design_01.TestAssertion -->
