<?xml version="1.0" encoding="UTF-8"?>
<!-- Generated by org.testng.reporters.JUnitReportReporter -->
<testsuite hostname="HP" failures="0" tests="1" name="Test_POM.LogReporter" time="8.152" errors="0" timestamp="2023-10-19T16:51:11 IST" skipped="0">
  <testcase classname="Test_POM.LogReporter" name="openIndiagate" time="8.152"/>
  <system-out>
    <![CDATA[web browser launch
maximize web browser
open google web browser
Enter input text
close web browser ]]>
  </system-out>
</testsuite> <!-- Test_POM.LogReporter -->
