<?xml version="1.0" encoding="UTF-8"?>
<!-- Generated by org.testng.reporters.JUnitReportReporter -->
<testsuite hostname="HP" failures="0" tests="3" name="Script_Design_01.TestNGGroup" time="0.007" errors="0" timestamp="2023-10-17T18:48:14 IST" skipped="0">
  <testcase classname="Script_Design_01.TestNGGroup" name="mobile2" time="0.000"/>
  <system-out/>
  <testcase classname="Script_Design_01.TestNGGroup" name="mobile1" time="0.006"/>
  <system-out/>
  <testcase classname="Script_Design_01.TestNGGroup" name="mobile3" time="0.001"/>
  <system-out/>
</testsuite> <!-- Script_Design_01.TestNGGroup -->
