<?xml version="1.0" encoding="UTF-8"?>
<!-- Generated by org.testng.reporters.JUnitReportReporter -->
<testsuite hostname="HP" failures="0" tests="3" name="Test_Reading_Data.DataProvider10" time="0.010" errors="0" timestamp="2023-10-21T22:23:07 IST" skipped="0">
  <testcase classname="Test_Reading_Data.DataProvider10" name="sampleloginTest" time="0.006"/>
  <system-out/>
  <testcase classname="Test_Reading_Data.DataProvider10" name="sampleloginTest" time="0.003"/>
  <system-out/>
  <testcase classname="Test_Reading_Data.DataProvider10" name="sampleloginTest" time="0.001"/>
  <system-out/>
</testsuite> <!-- Test_Reading_Data.DataProvider10 -->
